{"total": {"lines":{"total":341,"covered":326,"skipped":0,"pct":95.6},"statements":{"total":341,"covered":326,"skipped":0,"pct":95.6},"functions":{"total":18,"covered":16,"skipped":0,"pct":88.88},"branches":{"total":40,"covered":38,"skipped":0,"pct":95},"branchesTrue":{"total":0,"covered":0,"skipped":0,"pct":100}}
,"/home/leo/Documents/fga/MDS/2022-2-Squad01/server/src/modules/users/repositories/in-memory/UsersRepositoryInMemory.ts": {"lines":{"total":78,"covered":65,"skipped":0,"pct":83.33},"functions":{"total":10,"covered":8,"skipped":0,"pct":80},"statements":{"total":78,"covered":65,"skipped":0,"pct":83.33},"branches":{"total":19,"covered":18,"skipped":0,"pct":94.73}}
,"/home/leo/Documents/fga/MDS/2022-2-Squad01/server/src/modules/users/useCases/createUser/CreateUserUseCase.ts": {"lines":{"total":76,"covered":74,"skipped":0,"pct":97.36},"functions":{"total":1,"covered":1,"skipped":0,"pct":100},"statements":{"total":76,"covered":74,"skipped":0,"pct":97.36},"branches":{"total":8,"covered":7,"skipped":0,"pct":87.5}}
,"/home/leo/Documents/fga/MDS/2022-2-Squad01/server/src/modules/users/useCases/deleteUser/DeleteUserUseCase.ts": {"lines":{"total":23,"covered":23,"skipped":0,"pct":100},"functions":{"total":1,"covered":1,"skipped":0,"pct":100},"statements":{"total":23,"covered":23,"skipped":0,"pct":100},"branches":{"total":1,"covered":1,"skipped":0,"pct":100}}
,"/home/leo/Documents/fga/MDS/2022-2-Squad01/server/src/modules/users/useCases/loginUser/LoginUserUseCase.ts": {"lines":{"total":68,"covered":68,"skipped":0,"pct":100},"functions":{"total":1,"covered":1,"skipped":0,"pct":100},"statements":{"total":68,"covered":68,"skipped":0,"pct":100},"branches":{"total":3,"covered":3,"skipped":0,"pct":100}}
,"/home/leo/Documents/fga/MDS/2022-2-Squad01/server/src/modules/users/useCases/readUser/ReadUserUseCase.ts": {"lines":{"total":23,"covered":23,"skipped":0,"pct":100},"functions":{"total":1,"covered":1,"skipped":0,"pct":100},"statements":{"total":23,"covered":23,"skipped":0,"pct":100},"branches":{"total":2,"covered":2,"skipped":0,"pct":100}}
,"/home/leo/Documents/fga/MDS/2022-2-Squad01/server/src/modules/users/useCases/updateUser/UpdateUserUseCase.ts": {"lines":{"total":33,"covered":33,"skipped":0,"pct":100},"functions":{"total":1,"covered":1,"skipped":0,"pct":100},"statements":{"total":33,"covered":33,"skipped":0,"pct":100},"branches":{"total":1,"covered":1,"skipped":0,"pct":100}}
,"/home/leo/Documents/fga/MDS/2022-2-Squad01/server/src/modules/users/useCases/verifyUser/VerifyUserUseCase.ts": {"lines":{"total":31,"covered":31,"skipped":0,"pct":100},"functions":{"total":1,"covered":1,"skipped":0,"pct":100},"statements":{"total":31,"covered":31,"skipped":0,"pct":100},"branches":{"total":4,"covered":4,"skipped":0,"pct":100}}
,"/home/leo/Documents/fga/MDS/2022-2-Squad01/server/src/shared/errors/AppError.ts": {"lines":{"total":9,"covered":9,"skipped":0,"pct":100},"functions":{"total":2,"covered":2,"skipped":0,"pct":100},"statements":{"total":9,"covered":9,"skipped":0,"pct":100},"branches":{"total":2,"covered":2,"skipped":0,"pct":100}}
}
